Flutter crash report.
Please report a bug at https://github.com/flutter/flutter/issues.

## command

flutter create --template app --overwrite .

## exception

ProcessException: ProcessException: The media is write protected.

Working directory: "C:\Users\Laxman\Documents\voiceapp\bmi" (exists)
pub env: {
  "FLUTTER_ROOT": "C:\Users\Laxman\Downloads\flutter_windows_3.10.5-stable\flutter",
  "PUB_ENVIRONMENT": "vscode.dart-code:flutter_cli:create",
  "PUB_SUMMARY_ONLY": "1",
}

  Command: C:\Users\Laxman\Downloads\flutter_windows_3.10.5-stable\flutter\bin\cache\dart-sdk\bin\dart.EXE pub --suppress-analytics --directory . get --example

```
#0      _DefaultPub._runWithStdioInherited (package:flutter_tools/src/dart/pub.dart:423:9)
<asynchronous suspension>
#1      _DefaultPub.get (package:flutter_tools/src/dart/pub.dart:323:5)
<asynchronous suspension>
#2      CreateCommand.runCommand (package:flutter_tools/src/commands/create.dart:407:7)
<asynchronous suspension>
#3      FlutterCommand.run.<anonymous closure> (package:flutter_tools/src/runner/flutter_command.dart:1336:27)
<asynchronous suspension>
#4      AppContext.run.<anonymous closure> (package:flutter_tools/src/base/context.dart:150:19)
<asynchronous suspension>
#5      CommandRunner.runCommand (package:args/command_runner.dart:212:13)
<asynchronous suspension>
#6      FlutterCommandRunner.runCommand.<anonymous closure> (package:flutter_tools/src/runner/flutter_command_runner.dart:296:9)
<asynchronous suspension>
#7      AppContext.run.<anonymous closure> (package:flutter_tools/src/base/context.dart:150:19)
<asynchronous suspension>
#8      FlutterCommandRunner.runCommand (package:flutter_tools/src/runner/flutter_command_runner.dart:244:5)
<asynchronous suspension>
#9      run.<anonymous closure>.<anonymous closure> (package:flutter_tools/runner.dart:91:9)
<asynchronous suspension>
#10     AppContext.run.<anonymous closure> (package:flutter_tools/src/base/context.dart:150:19)
<asynchronous suspension>
#11     main (package:flutter_tools/executable.dart:91:3)
<asynchronous suspension>
```

## flutter doctor

```
[☠] Flutter (the doctor check crashed)
    ✗ Due to an error, the doctor check did not complete. If the error message below is not helpful, please let us know about this issue at https://github.com/flutter/flutter/issues.
    ✗ ProcessException: The media is write protected.

        Command: C:\WINDOWS\system32\where.EXE flutter
    • #0      LocalProcessManager.runSync (package:process/src/interface/local_process_manager.dart:118:7)
      #1      ErrorHandlingProcessManager.runSync.<anonymous closure> (package:flutter_tools/src/base/error_handling_io.dart:714:24)
      #2      _runSync (package:flutter_tools/src/base/error_handling_io.dart:590:14)
      #3      ErrorHandlingProcessManager.runSync (package:flutter_tools/src/base/error_handling_io.dart:713:12)
      #4      _WindowsUtils._which (package:flutter_tools/src/base/os.dart:496:50)
      #5      OperatingSystemUtils.which (package:flutter_tools/src/base/os.dart:92:31)
      #6      FlutterValidator._validateSdkBinary (package:flutter_tools/src/doctor.dart:610:52)
      #7      FlutterValidator._validateRequiredBinaries (package:flutter_tools/src/doctor.dart:597:47)
      #8      FlutterValidator.validate (package:flutter_tools/src/doctor.dart:511:7)
      #9      Doctor.startValidatorTasks.<anonymous closure> (package:flutter_tools/src/doctor.dart:251:72)
      #10     asyncGuard.<anonymous closure> (package:flutter_tools/src/base/async_guard.dart:111:32)
      #11     _rootRun (dart:async/zone.dart:1399:13)
      #12     _CustomZone.run (dart:async/zone.dart:1301:19)
      #13     _runZoned (dart:async/zone.dart:1804:10)
      #14     runZonedGuarded (dart:async/zone.dart:1792:12)
      #15     runZoned (dart:async/zone.dart:1744:12)
      #16     asyncGuard (package:flutter_tools/src/base/async_guard.dart:109:3)
      #17     Doctor.startValidatorTasks (package:flutter_tools/src/doctor.dart:243:9)
      #18     DoctorText._validatorTasks (package:flutter_tools/src/doctor.dart:734:60)
      #19     DoctorText._validatorTasks (package:flutter_tools/src/doctor.dart)
      #20     DoctorText._runDiagnosis (package:flutter_tools/src/doctor.dart:738:53)
      #21     DoctorText.text (package:flutter_tools/src/doctor.dart:730:36)
      #22     DoctorText.text (package:flutter_tools/src/doctor.dart)
      #23     _createLocalCrashReport (package:flutter_tools/runner.dart:233:51)
      #24     _handleToolError (package:flutter_tools/runner.dart:195:31)
      <asynchronous suspension>
      #25     AppContext.run.<anonymous closure> (package:flutter_tools/src/base/context.dart:150:19)
      <asynchronous suspension>
      #26     main (package:flutter_tools/executable.dart:91:3)
      <asynchronous suspension>


[✓] Windows Version (Installed version of Windows is version 10 or higher)

[✗] Android toolchain - develop for Android devices (the doctor check crashed)
    • Android SDK at C:\Users\Laxman\AppData\Local\Android\sdk
    ✗ cmdline-tools component is missing
      Run `path/to/sdkmanager --install "cmdline-tools;latest"`
      See https://developer.android.com/studio/command-line for more details.
    ✗ Due to an error, the doctor check did not complete. If the error message below is not helpful, please let us know about this issue at https://github.com/flutter/flutter/issues.
    ✗ ProcessException: The media is write protected.

        Command: C:\WINDOWS\system32\where.EXE java
    • #0      LocalProcessManager.runSync (package:process/src/interface/local_process_manager.dart:118:7)
      #1      ErrorHandlingProcessManager.runSync.<anonymous closure> (package:flutter_tools/src/base/error_handling_io.dart:714:24)
      #2      _runSync (package:flutter_tools/src/base/error_handling_io.dart:590:14)
      #3      ErrorHandlingProcessManager.runSync (package:flutter_tools/src/base/error_handling_io.dart:713:12)
      #4      _WindowsUtils._which (package:flutter_tools/src/base/os.dart:496:50)
      #5      OperatingSystemUtils.which (package:flutter_tools/src/base/os.dart:92:31)
      #6      AndroidSdk.findJavaBinary (package:flutter_tools/src/android/android_sdk.dart:528:51)
      #7      AndroidLicenseValidator._checkJavaVersionNoOutput (package:flutter_tools/src/android/android_workflow.dart:333:43)
      #8      AndroidLicenseValidator.validate (package:flutter_tools/src/android/android_workflow.dart:309:17)
      #9      GroupedValidator.validate.<anonymous closure> (package:flutter_tools/src/doctor_validator.dart:92:56)
      #10     asyncGuard.<anonymous closure> (package:flutter_tools/src/base/async_guard.dart:111:32)
      #11     _rootRun (dart:async/zone.dart:1399:13)
      #12     _CustomZone.run (dart:async/zone.dart:1301:19)
      #13     _runZoned (dart:async/zone.dart:1804:10)
      #14     runZonedGuarded (dart:async/zone.dart:1792:12)
      #15     runZoned (dart:async/zone.dart:1744:12)
      #16     asyncGuard (package:flutter_tools/src/base/async_guard.dart:109:3)
      #17     GroupedValidator.validate (package:flutter_tools/src/doctor_validator.dart:92:11)
      #18     Doctor.startValidatorTasks.<anonymous closure> (package:flutter_tools/src/doctor.dart:251:72)
      #19     asyncGuard.<anonymous closure> (package:flutter_tools/src/base/async_guard.dart:111:32)
      #20     _rootRun (dart:async/zone.dart:1399:13)
      #21     _CustomZone.run (dart:async/zone.dart:1301:19)
      #22     _runZoned (dart:async/zone.dart:1804:10)
      #23     runZonedGuarded (dart:async/zone.dart:1792:12)
      #24     runZoned (dart:async/zone.dart:1744:12)
      #25     asyncGuard (package:flutter_tools/src/base/async_guard.dart:109:3)
      #26     Doctor.startValidatorTasks (package:flutter_tools/src/doctor.dart:243:9)
      #27     DoctorText._validatorTasks (package:flutter_tools/src/doctor.dart:734:60)
      #28     DoctorText._validatorTasks (package:flutter_tools/src/doctor.dart)
      #29     DoctorText._runDiagnosis (package:flutter_tools/src/doctor.dart:738:53)
      #30     DoctorText.text (package:flutter_tools/src/doctor.dart:730:36)
      #31     DoctorText.text (package:flutter_tools/src/doctor.dart)
      #32     _createLocalCrashReport (package:flutter_tools/runner.dart:233:51)
      #33     _handleToolError (package:flutter_tools/runner.dart:195:31)
      <asynchronous suspension>
      #34     AppContext.run.<anonymous closure> (package:flutter_tools/src/base/context.dart:150:19)
      <asynchronous suspension>
      #35     main (package:flutter_tools/executable.dart:91:3)
      <asynchronous suspension>


[✓] Chrome - develop for the web
    • Chrome at C:\Program Files\Google\Chrome\Application\chrome.exe

[✗] Visual Studio - develop for Windows
    ✗ Visual Studio not installed; this is necessary for Windows development.
      Download at https://visualstudio.microsoft.com/downloads/.
      Please install the "Desktop development with C++" workload, including all of its default components

[!] Android Studio (version 2023.1)
    • Android Studio at C:\Program Files\Android\Android Studio
    • Flutter plugin can be installed from:
      🔨 https://plugins.jetbrains.com/plugin/9212-flutter
    • Dart plugin can be installed from:
      🔨 https://plugins.jetbrains.com/plugin/6351-dart
    ✗ Unable to find bundled Java version.
    • Try updating or re-installing Android Studio.

[✓] VS Code (version 1.87.1)
    • VS Code at C:\Users\Laxman\AppData\Local\Programs\Microsoft VS Code
    • Flutter extension version 3.84.0

[☠] Connected device (the doctor check crashed)
    ✗ Due to an error, the doctor check did not complete. If the error message below is not helpful, please let us know about this issue at https://github.com/flutter/flutter/issues.
    ✗ Exception: Unable to run "adb", check your Android SDK installation and ANDROID_SDK_ROOT environment variable: C:\Users\Laxman\AppData\Local\Android\sdk\platform-tools\adb.exe
    • #0      throwToolExit (package:flutter_tools/src/base/common.dart:10:3)
      #1      AndroidDevices.pollingGetDevices (package:flutter_tools/src/android/android_device_discovery.dart:75:7)
      <asynchronous suspension>
      #2      PollingDeviceDiscovery._populateDevices (package:flutter_tools/src/device.dart:563:36)
      <asynchronous suspension>
      #3      Future.wait.<anonymous closure> (dart:async/future.dart:525:21)
      <asynchronous suspension>
      #4      DeviceManager.refreshAllDevices (package:flutter_tools/src/device.dart:231:40)
      <asynchronous suspension>
      #5      DeviceValidator.validate (package:flutter_tools/src/doctor.dart:683:34)
      <asynchronous suspension>
      #6      Future.any.onValue (dart:async/future.dart:615:5)
      <asynchronous suspension>


[!] Network resources
    ✗ A network error occurred while checking "https://pub.dev/": Failed host lookup: 'pub.dev'
    ✗ A network error occurred while checking "https://storage.googleapis.com/": Failed host lookup: 'storage.googleapis.com'
    ✗ A network error occurred while checking "https://maven.google.com/": Failed host lookup: 'maven.google.com'
    ✗ A network error occurred while checking "https://cocoapods.org/": Failed host lookup: 'cocoapods.org'
    ✗ A network error occurred while checking "https://github.com/": Failed host lookup: 'github.com'

! Doctor found issues in 6 categories.
```
